mode: set
todo-api/main.go:13.13,24.2 10 0
todo-api/data/db.go:21.13,25.2 3 1
todo-api/data/db.go:26.36,29.15 3 1
todo-api/data/db.go:29.15,31.3 1 1
todo-api/data/db.go:32.2,32.12 1 0
todo-api/data/db.go:35.35,39.12 4 1
todo-api/data/db.go:39.12,41.3 1 1
todo-api/data/db.go:41.8,43.3 1 1
todo-api/data/db.go:46.44,50.15 4 1
todo-api/data/db.go:50.15,52.3 1 0
todo-api/data/db.go:53.2,55.16 3 1
todo-api/data/db.go:59.50,63.15 4 1
todo-api/data/db.go:63.15,65.3 1 1
todo-api/data/db.go:66.2,67.14 2 1
todo-api/data/db.go:67.14,69.3 1 1
todo-api/data/db.go:70.2,72.16 3 1
todo-api/data/db.go:75.36,77.16 2 1
todo-api/data/db.go:77.16,79.3 1 0
todo-api/data/db.go:80.2,81.14 2 1
todo-api/data/db.go:81.14,83.3 1 0
todo-api/data/db.go:83.8,85.3 1 1
todo-api/data/db.go:88.65,93.18 5 1
todo-api/data/db.go:93.18,95.3 1 0
todo-api/data/db.go:96.2,96.18 1 1
todo-api/data/db.go:96.18,99.3 2 1
todo-api/data/db.go:100.2,100.19 1 1
todo-api/data/login.go:29.32,30.55 1 1
todo-api/data/login.go:30.55,32.3 1 1
todo-api/data/login.go:33.2,33.12 1 1
todo-api/data/login.go:36.65,40.15 4 1
todo-api/data/login.go:40.15,44.3 3 0
todo-api/data/login.go:45.2,46.16 2 1
todo-api/data/login.go:46.16,50.3 3 1
todo-api/data/login.go:51.2,54.16 4 1
todo-api/data/login.go:54.16,58.3 3 1
todo-api/data/login.go:59.2,59.60 1 0
todo-api/data/login.go:61.60,67.15 6 1
todo-api/data/login.go:67.15,70.3 2 1
todo-api/data/login.go:71.2,73.7 3 1
todo-api/data/login.go:73.7,80.3 5 1
todo-api/data/login.go:80.8,85.3 4 1
todo-api/data/login.go:88.62,91.15 3 1
todo-api/data/login.go:91.15,97.3 5 1
todo-api/data/login.go:98.2,105.15 7 1
todo-api/data/login.go:105.15,111.3 5 0
todo-api/data/login.go:112.2,114.32 3 1
todo-api/data/login.go:117.61,120.15 3 1
todo-api/data/login.go:120.15,126.3 5 1
todo-api/data/login.go:127.2,131.14 5 1
todo-api/data/login.go:131.14,134.3 2 0
todo-api/data/login.go:135.2,138.15 4 1
todo-api/data/login.go:138.15,144.3 5 1
todo-api/data/login.go:145.2,147.32 3 1
todo-api/data/login.go:150.61,153.15 3 1
todo-api/data/login.go:153.15,159.3 5 1
todo-api/data/login.go:160.2,163.14 4 1
todo-api/data/login.go:163.14,166.3 2 0
todo-api/data/login.go:167.2,168.15 2 1
todo-api/data/login.go:168.15,174.3 5 1
todo-api/data/login.go:175.2,176.32 2 0
todo-api/data/login.go:179.64,182.15 3 1
todo-api/data/login.go:182.15,188.3 5 1
todo-api/data/login.go:189.2,191.16 3 1
todo-api/data/login.go:191.16,193.3 1 1
todo-api/data/login.go:194.2,195.16 2 1
todo-api/data/login.go:195.16,197.3 1 1
todo-api/data/login.go:198.2,200.15 3 1
todo-api/data/login.go:200.15,206.3 5 0
todo-api/data/login.go:207.2,209.97 3 1
todo-api/data/tokens.go:11.52,18.16 3 1
todo-api/data/tokens.go:18.16,21.3 2 0
todo-api/data/tokens.go:22.2,22.22 1 1
todo-api/data/tokens.go:24.59,26.87 2 1
todo-api/data/tokens.go:26.87,26.109 1 1
todo-api/data/tokens.go:27.2,27.15 1 1
todo-api/data/tokens.go:27.15,29.3 1 0
todo-api/data/tokens.go:31.2,31.18 1 1
todo-api/data/tokens.go:31.18,33.3 1 0
todo-api/data/tokens.go:34.2,37.27 4 1
todo-api/data/tokens.go:41.52,42.27 1 1
todo-api/data/tokens.go:42.27,44.3 1 1
todo-api/data/tokens.go:45.2,47.15 3 1
todo-api/data/tokens.go:47.15,49.3 1 0
todo-api/data/tokens.go:50.2,50.37 1 1
todo-api/data/tokens.go:50.37,53.3 2 1
todo-api/data/tokens.go:53.8,55.3 1 1
todo-api/encrypt/encrypt.go:5.29,10.2 4 1
todo-api/encrypt/limiter.go:17.41,20.43 3 1
todo-api/encrypt/limiter.go:20.43,22.3 1 1
todo-api/encrypt/limiter.go:23.2,25.14 3 1
todo-api/encrypt/limiter.go:28.44,29.71 1 1
todo-api/encrypt/limiter.go:29.71,32.19 3 1
todo-api/encrypt/limiter.go:32.19,36.4 3 1
todo-api/encrypt/limiter.go:37.3,37.20 1 1
